<?xml version="1.0" encoding="UTF-8"?>
<testng-results ignored="0" total="1" passed="1" failed="0" skipped="0">
  <reporter-output>
  </reporter-output>
  <suite started-at="2024-08-13T19:16:14 IST" name="RegressionSuite" finished-at="2024-08-13T19:17:06 IST" duration-ms="52035">
    <groups>
    </groups>
    <test started-at="2024-08-13T19:16:14 IST" name="Login Tests" finished-at="2024-08-13T19:17:06 IST" duration-ms="52035">
      <class name="com.website.tests.LoginTests">
        <test-method is-config="true" signature="beforeClass(java.lang.String,java.lang.String)[pri:0, instance:com.website.tests.LoginTests@1bc53649]" started-at="2024-08-13T19:16:14 IST" name="beforeClass" finished-at="2024-08-13T19:16:17 IST" duration-ms="2942" status="PASS">
          <params>
            <param index="0">
              <value>
                <![CDATA[Chrome]]>
              </value>
            </param>
            <param index="1">
              <value>
                <![CDATA[LoginTests]]>
              </value>
            </param>
          </params>
          <reporter-output>
          </reporter-output>
        </test-method> <!-- beforeClass -->
        <test-method is-config="true" signature="beforeMethod(java.lang.reflect.Method)[pri:0, instance:com.website.tests.LoginTests@1bc53649]" started-at="2024-08-13T19:16:17 IST" name="beforeMethod" finished-at="2024-08-13T19:16:29 IST" duration-ms="11439" status="PASS">
          <params>
            <param index="0">
              <value>
                <![CDATA[public void com.website.tests.LoginTests.validateUserLoginWithValidCredentials()]]>
              </value>
            </param>
          </params>
          <reporter-output>
          </reporter-output>
        </test-method> <!-- beforeMethod -->
        <test-method signature="validateUserLoginWithValidCredentials()[pri:0, instance:com.website.tests.LoginTests@1bc53649]" started-at="2024-08-13T19:16:29 IST" name="validateUserLoginWithValidCredentials" description="WAP_AUTO01 - Verify user logged in successfully with valid user" finished-at="2024-08-13T19:17:06 IST" duration-ms="37352" status="PASS">
          <reporter-output>
          </reporter-output>
        </test-method> <!-- validateUserLoginWithValidCredentials -->
        <test-method is-config="true" signature="afterMethod()[pri:0, instance:com.website.tests.LoginTests@1bc53649]" started-at="2024-08-13T19:17:06 IST" name="afterMethod" finished-at="2024-08-13T19:17:06 IST" duration-ms="42" status="PASS">
          <reporter-output>
          </reporter-output>
        </test-method> <!-- afterMethod -->
        <test-method is-config="true" signature="afterTest()[pri:0, instance:com.website.tests.LoginTests@1bc53649]" started-at="2024-08-13T19:17:06 IST" name="afterTest" finished-at="2024-08-13T19:17:06 IST" duration-ms="210" status="PASS">
          <reporter-output>
          </reporter-output>
        </test-method> <!-- afterTest -->
      </class> <!-- com.website.tests.LoginTests -->
    </test> <!-- Login Tests -->
  </suite> <!-- RegressionSuite -->
</testng-results>
